<?xml version="1.0" encoding="utf-8"?><testsuites><testsuite name="pytest" errors="0" failures="0" skipped="0" tests="5" time="5.703" timestamp="2022-02-01T15:55:21.153902" hostname="OLI-OMEN"><testcase classname="bumpversion" name="FLAKE8" time="0.104" /><testcase classname="src.pyconverters_grobid.__init__" name="FLAKE8" time="0.038" /><testcase classname="src.pyconverters_grobid.grobid" name="FLAKE8" time="0.153" /><testcase classname="tests.test_grobid" name="FLAKE8" time="0.054" /><testcase classname="tests.test_grobid" name="test_grobid_xml" time="4.754" /></testsuite></testsuites>