<?xml version="1.0" encoding="utf-8"?><testsuites><testsuite name="pytest" errors="0" failures="0" skipped="4" tests="7" time="0.435" timestamp="2022-03-08T11:50:51.428099" hostname="OLI-OMEN"><testcase classname="bumpversion" name="FLAKE8" time="0.001"><skipped type="pytest.skip" message="file(s) previously passed FLAKE8 checks">/home/olivier/dev/kairntech/pyprocessors_afp_entities/.tox/py38/lib/python3.8/site-packages/pytest_flake8.py:124: file(s) previously passed FLAKE8 checks</skipped></testcase><testcase classname="src.pyprocessors_afp_entities.__init__" name="FLAKE8" time="0.001"><skipped type="pytest.skip" message="file(s) previously passed FLAKE8 checks">/home/olivier/dev/kairntech/pyprocessors_afp_entities/.tox/py38/lib/python3.8/site-packages/pytest_flake8.py:124: file(s) previously passed FLAKE8 checks</skipped></testcase><testcase classname="src.pyprocessors_afp_entities.afp_entities" name="FLAKE8" time="0.181" /><testcase classname="tests.__init__" name="FLAKE8" time="0.000"><skipped type="pytest.skip" message="file(s) previously passed FLAKE8 checks">/home/olivier/dev/kairntech/pyprocessors_afp_entities/.tox/py38/lib/python3.8/site-packages/pytest_flake8.py:124: file(s) previously passed FLAKE8 checks</skipped></testcase><testcase classname="tests.test_afp_entities" name="FLAKE8" time="0.001"><skipped type="pytest.skip" message="file(s) previously passed FLAKE8 checks">/home/olivier/dev/kairntech/pyprocessors_afp_entities/.tox/py38/lib/python3.8/site-packages/pytest_flake8.py:124: file(s) previously passed FLAKE8 checks</skipped></testcase><testcase classname="tests.test_afp_entities" name="test_model" time="0.001" /><testcase classname="tests.test_afp_entities" name="test_afp_entities_linker" time="0.026" /></testsuite></testsuites>